==21916== Memcheck, a memory error detector
==21916== Copyright (C) 2002-2017, and GNU GPL'd, by Julian Seward et al.
==21916== Using Valgrind-3.13.0 and LibVEX; rerun with -h for copyright info
==21916== Command: /rhome/b/bsuljic1/workspace/ASP/Z2/Z1/.runme
==21916== Parent PID: 21909
==21916== 
==21916== Invalid write of size 8
==21916==    at 0x10A08A: DvostrukaLista<int>::obrisi() (main.cpp:198)
==21916==    by 0x109B8C: DvostraniRed<int>::brisi() (main.cpp:302)
==21916==    by 0x109167: testBrisi() (main.cpp:357)
==21916==    by 0x109925: main (main.cpp:425)
==21916==  Address 0x5d7fdb0 is 16 bytes inside a block of size 24 free'd
==21916==    at 0x4C3123B: operator delete(void*) (in /usr/lib/valgrind/vgpreload_memcheck-amd64-linux.so)
==21916==    by 0x10A09D: DvostrukaLista<int>::obrisi() (main.cpp:199)
==21916==    by 0x109B8C: DvostraniRed<int>::brisi() (main.cpp:302)
==21916==    by 0x109167: testBrisi() (main.cpp:357)
==21916==    by 0x109925: main (main.cpp:425)
==21916==  Block was alloc'd at
==21916==    at 0x4C3017F: operator new(unsigned long) (in /usr/lib/valgrind/vgpreload_memcheck-amd64-linux.so)
==21916==    by 0x109F13: DvostrukaLista<int>::dodajIza(int const&) (main.cpp:242)
==21916==    by 0x109B41: DvostraniRed<int>::staviNaCelo(int const&) (main.cpp:313)
==21916==    by 0x10910F: testBrisi() (main.cpp:355)
==21916==    by 0x109925: main (main.cpp:425)
==21916== 
==21916== Invalid read of size 8
==21916==    at 0x10A0A2: DvostrukaLista<int>::obrisi() (main.cpp:200)
==21916==    by 0x109B8C: DvostraniRed<int>::brisi() (main.cpp:302)
==21916==    by 0x109167: testBrisi() (main.cpp:357)
==21916==    by 0x109925: main (main.cpp:425)
==21916==  Address 0x5d7fdb0 is 16 bytes inside a block of size 24 free'd
==21916==    at 0x4C3123B: operator delete(void*) (in /usr/lib/valgrind/vgpreload_memcheck-amd64-linux.so)
==21916==    by 0x10A09D: DvostrukaLista<int>::obrisi() (main.cpp:199)
==21916==    by 0x109B8C: DvostraniRed<int>::brisi() (main.cpp:302)
==21916==    by 0x109167: testBrisi() (main.cpp:357)
==21916==    by 0x109925: main (main.cpp:425)
==21916==  Block was alloc'd at
==21916==    at 0x4C3017F: operator new(unsigned long) (in /usr/lib/valgrind/vgpreload_memcheck-amd64-linux.so)
==21916==    by 0x109F13: DvostrukaLista<int>::dodajIza(int const&) (main.cpp:242)
==21916==    by 0x109B41: DvostraniRed<int>::staviNaCelo(int const&) (main.cpp:313)
==21916==    by 0x10910F: testBrisi() (main.cpp:355)
==21916==    by 0x109925: main (main.cpp:425)
==21916== 
==21916== Invalid read of size 8
==21916==    at 0x10A072: DvostrukaLista<int>::obrisi() (main.cpp:197)
==21916==    by 0x109B8C: DvostraniRed<int>::brisi() (main.cpp:302)
==21916==    by 0x109167: testBrisi() (main.cpp:357)
==21916==    by 0x109925: main (main.cpp:425)
==21916==  Address 0x5d7fda8 is 8 bytes inside a block of size 24 free'd
==21916==    at 0x4C3123B: operator delete(void*) (in /usr/lib/valgrind/vgpreload_memcheck-amd64-linux.so)
==21916==    by 0x10A09D: DvostrukaLista<int>::obrisi() (main.cpp:199)
==21916==    by 0x109B8C: DvostraniRed<int>::brisi() (main.cpp:302)
==21916==    by 0x109167: testBrisi() (main.cpp:357)
==21916==    by 0x109925: main (main.cpp:425)
==21916==  Block was alloc'd at
==21916==    at 0x4C3017F: operator new(unsigned long) (in /usr/lib/valgrind/vgpreload_memcheck-amd64-linux.so)
==21916==    by 0x109F13: DvostrukaLista<int>::dodajIza(int const&) (main.cpp:242)
==21916==    by 0x109B41: DvostraniRed<int>::staviNaCelo(int const&) (main.cpp:313)
==21916==    by 0x10910F: testBrisi() (main.cpp:355)
==21916==    by 0x109925: main (main.cpp:425)
==21916== 
==21916== Invalid read of size 8
==21916==    at 0x10A082: DvostrukaLista<int>::obrisi() (main.cpp:198)
==21916==    by 0x109B8C: DvostraniRed<int>::brisi() (main.cpp:302)
==21916==    by 0x109167: testBrisi() (main.cpp:357)
==21916==    by 0x109925: main (main.cpp:425)
==21916==  Address 0x5d7fdb0 is 16 bytes inside a block of size 24 free'd
==21916==    at 0x4C3123B: operator delete(void*) (in /usr/lib/valgrind/vgpreload_memcheck-amd64-linux.so)
==21916==    by 0x10A09D: DvostrukaLista<int>::obrisi() (main.cpp:199)
==21916==    by 0x109B8C: DvostraniRed<int>::brisi() (main.cpp:302)
==21916==    by 0x109167: testBrisi() (main.cpp:357)
==21916==    by 0x109925: main (main.cpp:425)
==21916==  Block was alloc'd at
==21916==    at 0x4C3017F: operator new(unsigned long) (in /usr/lib/valgrind/vgpreload_memcheck-amd64-linux.so)
==21916==    by 0x109F13: DvostrukaLista<int>::dodajIza(int const&) (main.cpp:242)
==21916==    by 0x109B41: DvostraniRed<int>::staviNaCelo(int const&) (main.cpp:313)
==21916==    by 0x10910F: testBrisi() (main.cpp:355)
==21916==    by 0x109925: main (main.cpp:425)
==21916== 
==21916== Invalid free() / delete / delete[] / realloc()
==21916==    at 0x4C3123B: operator delete(void*) (in /usr/lib/valgrind/vgpreload_memcheck-amd64-linux.so)
==21916==    by 0x10A09D: DvostrukaLista<int>::obrisi() (main.cpp:199)
==21916==    by 0x109B8C: DvostraniRed<int>::brisi() (main.cpp:302)
==21916==    by 0x109167: testBrisi() (main.cpp:357)
==21916==    by 0x109925: main (main.cpp:425)
==21916==  Address 0x5d7fda0 is 0 bytes inside a block of size 24 free'd
==21916==    at 0x4C3123B: operator delete(void*) (in /usr/lib/valgrind/vgpreload_memcheck-amd64-linux.so)
==21916==    by 0x10A09D: DvostrukaLista<int>::obrisi() (main.cpp:199)
==21916==    by 0x109B8C: DvostraniRed<int>::brisi() (main.cpp:302)
==21916==    by 0x109167: testBrisi() (main.cpp:357)
==21916==    by 0x109925: main (main.cpp:425)
==21916==  Block was alloc'd at
==21916==    at 0x4C3017F: operator new(unsigned long) (in /usr/lib/valgrind/vgpreload_memcheck-amd64-linux.so)
==21916==    by 0x109F13: DvostrukaLista<int>::dodajIza(int const&) (main.cpp:242)
==21916==    by 0x109B41: DvostraniRed<int>::staviNaCelo(int const&) (main.cpp:313)
==21916==    by 0x10910F: testBrisi() (main.cpp:355)
==21916==    by 0x109925: main (main.cpp:425)
==21916== 
==21916== 
==21916== HEAP SUMMARY:
==21916==     in use at exit: 0 bytes in 0 blocks
==21916==   total heap usage: 41 allocs, 42 frees, 73,664 bytes allocated
==21916== 
==21916== All heap blocks were freed -- no leaks are possible
==21916== 
==21916== For counts of detected and suppressed errors, rerun with: -v
==21916== ERROR SUMMARY: 5 errors from 5 contexts (suppressed: 0 from 0)
