==17213== Memcheck, a memory error detector
==17213== Copyright (C) 2002-2017, and GNU GPL'd, by Julian Seward et al.
==17213== Using Valgrind-3.13.0 and LibVEX; rerun with -h for copyright info
==17213== Command: /rhome/b/bsuljic1/workspace/ASP/PZ6/Z1/.runme
==17213== Parent PID: 17163
==17213== 
==17213== 
==17213== Process terminating with default action of signal 15 (SIGTERM)
==17213==    at 0x56EF081: read (read.c:27)
==17213==    by 0x566C147: _IO_file_underflow@@GLIBC_2.2.5 (fileops.c:531)
==17213==    by 0x566D3F1: _IO_default_uflow (genops.c:380)
==17213==    by 0x512B89C: __gnu_cxx::stdio_sync_filebuf<char, std::char_traits<char> >::underflow() (in /usr/lib/x86_64-linux-gnu/libstdc++.so.6.0.25)
==17213==    by 0x5139679: std::istream::sentry::sentry(std::istream&, bool) (in /usr/lib/x86_64-linux-gnu/libstdc++.so.6.0.25)
==17213==    by 0x51398AD: std::istream::operator>>(int&) (in /usr/lib/x86_64-linux-gnu/libstdc++.so.6.0.25)
==17213==    by 0x10994B: funkcija() (main.cpp:177)
==17213==    by 0x109CA1: main (main.cpp:217)
==17213== 
==17213== HEAP SUMMARY:
==17213==     in use at exit: 40 bytes in 1 blocks
==17213==   total heap usage: 9 allocs, 8 frees, 100,000 bytes allocated
==17213== 
==17213== LEAK SUMMARY:
==17213==    definitely lost: 0 bytes in 0 blocks
==17213==    indirectly lost: 0 bytes in 0 blocks
==17213==      possibly lost: 0 bytes in 0 blocks
==17213==    still reachable: 40 bytes in 1 blocks
==17213==         suppressed: 0 bytes in 0 blocks
==17213== Reachable blocks (those to which a pointer was found) are not shown.
==17213== To see them, rerun with: --leak-check=full --show-leak-kinds=all
==17213== 
==17213== For counts of detected and suppressed errors, rerun with: -v
==17213== ERROR SUMMARY: 0 errors from 0 contexts (suppressed: 0 from 0)
